<?xml version="1.0" encoding="UTF-8"?>
<testng-results skipped="0" failed="1" total="4" passed="3">
  <reporter-output>
    <line>
      <![CDATA[click on credit cards tab]]>
    </line>
    <line>
      <![CDATA[click on compare cards link to compare selected cards]]>
    </line>
  </reporter-output>
  <suite name="Default suite" duration-ms="36802" started-at="2021-02-10T02:07:34Z" finished-at="2021-02-10T02:08:11Z">
    <groups>
    </groups>
    <test name="Default test" duration-ms="36802" started-at="2021-02-10T02:07:34Z" finished-at="2021-02-10T02:08:11Z">
      <class name="test.selenium.dbs.DbsTest">
        <test-method status="PASS" signature="navigateToCards()[pri:0, instance:test.selenium.dbs.DbsTest@4f933fd1]" name="navigateToCards" duration-ms="12888" started-at="2021-02-10T07:37:34Z" finished-at="2021-02-10T07:37:47Z">
          <reporter-output>
          </reporter-output>
        </test-method> <!-- navigateToCards -->
        <test-method status="PASS" signature="navigateToCreditCards()[pri:0, instance:test.selenium.dbs.DbsTest@4f933fd1]" name="navigateToCreditCards" duration-ms="396" started-at="2021-02-10T07:37:47Z" finished-at="2021-02-10T07:37:47Z">
          <reporter-output>
            <line>
              <![CDATA[click on credit cards tab]]>
            </line>
          </reporter-output>
        </test-method> <!-- navigateToCreditCards -->
        <test-method status="PASS" signature="selectCards()[pri:0, instance:test.selenium.dbs.DbsTest@4f933fd1]" name="selectCards" duration-ms="22780" started-at="2021-02-10T07:37:47Z" finished-at="2021-02-10T07:38:10Z">
          <reporter-output>
            <line>
              <![CDATA[click on compare cards link to compare selected cards]]>
            </line>
          </reporter-output>
        </test-method> <!-- selectCards -->
        <test-method status="FAIL" signature="compareTwoCreditCards()[pri:0, instance:test.selenium.dbs.DbsTest@4f933fd1]" name="compareTwoCreditCards" duration-ms="694" started-at="2021-02-10T07:38:10Z" depends-on-methods="test.selenium.dbs.DbsTest.selectCards" finished-at="2021-02-10T07:38:11Z">
          <exception class="java.lang.AssertionError">
            <message>
              <![CDATA[expected [Earn 3X DBS Points per S$5 spent on all local Visa payWave purchases
Shop now, pay later with 0% interest payment plans
Earn 1X DBS Point per S$5 spent on all other purchases] but found [Up to 4 miles per S$1 spent on all your online, and offline shopping spend
Complimentary global airport lounge access with Priority Pass
24-hr DBS Altitude Butler Service, anywhere in the world
Up to S$1m Travel Accident Insurance when you charge the full travel fare to the card]]]>
            </message>
            <full-stacktrace>
              <![CDATA[java.lang.AssertionError: expected [Earn 3X DBS Points per S$5 spent on all local Visa payWave purchases
Shop now, pay later with 0% interest payment plans
Earn 1X DBS Point per S$5 spent on all other purchases] but found [Up to 4 miles per S$1 spent on all your online, and offline shopping spend
Complimentary global airport lounge access with Priority Pass
24-hr DBS Altitude Butler Service, anywhere in the world
Up to S$1m Travel Accident Insurance when you charge the full travel fare to the card]
	at org.testng.Assert.fail(Assert.java:94)
	at org.testng.Assert.failNotEquals(Assert.java:494)
	at org.testng.Assert.assertEquals(Assert.java:123)
	at org.testng.Assert.assertEquals(Assert.java:176)
	at org.testng.Assert.assertEquals(Assert.java:186)
	at test.selenium.dbs.DbsPage.validateCardComparisions(DbsPage.java:87)
	at test.selenium.dbs.DbsTest.compareTwoCreditCards(DbsTest.java:41)
	at sun.reflect.NativeMethodAccessorImpl.invoke0(Native Method)
	at sun.reflect.NativeMethodAccessorImpl.invoke(Unknown Source)
	at sun.reflect.DelegatingMethodAccessorImpl.invoke(Unknown Source)
	at java.lang.reflect.Method.invoke(Unknown Source)
	at org.testng.internal.MethodInvocationHelper.invokeMethod(MethodInvocationHelper.java:84)
	at org.testng.internal.Invoker.invokeMethod(Invoker.java:714)
	at org.testng.internal.Invoker.invokeTestMethod(Invoker.java:901)
	at org.testng.internal.Invoker.invokeTestMethods(Invoker.java:1231)
	at org.testng.internal.TestMethodWorker.invokeTestMethods(TestMethodWorker.java:127)
	at org.testng.internal.TestMethodWorker.run(TestMethodWorker.java:111)
	at org.testng.TestRunner.privateRun(TestRunner.java:767)
	at org.testng.TestRunner.run(TestRunner.java:617)
	at org.testng.SuiteRunner.runTest(SuiteRunner.java:334)
	at org.testng.SuiteRunner.runSequentially(SuiteRunner.java:329)
	at org.testng.SuiteRunner.privateRun(SuiteRunner.java:291)
	at org.testng.SuiteRunner.run(SuiteRunner.java:240)
	at org.testng.SuiteRunnerWorker.runSuite(SuiteRunnerWorker.java:52)
	at org.testng.SuiteRunnerWorker.run(SuiteRunnerWorker.java:86)
	at org.testng.TestNG.runSuitesSequentially(TestNG.java:1224)
	at org.testng.TestNG.runSuitesLocally(TestNG.java:1149)
	at org.testng.TestNG.run(TestNG.java:1057)
	at org.testng.remote.AbstractRemoteTestNG.run(AbstractRemoteTestNG.java:126)
	at org.testng.remote.RemoteTestNG.initAndRun(RemoteTestNG.java:137)
	at org.testng.remote.RemoteTestNG.main(RemoteTestNG.java:58)
]]>
            </full-stacktrace>
          </exception> <!-- java.lang.AssertionError -->
          <reporter-output>
          </reporter-output>
        </test-method> <!-- compareTwoCreditCards -->
        <test-method status="PASS" signature="tearDown()[pri:0, instance:test.selenium.dbs.DbsTest@4f933fd1]" name="tearDown" is-config="true" duration-ms="262" started-at="2021-02-10T07:38:11Z" finished-at="2021-02-10T07:38:11Z">
          <reporter-output>
          </reporter-output>
        </test-method> <!-- tearDown -->
      </class> <!-- test.selenium.dbs.DbsTest -->
    </test> <!-- Default test -->
  </suite> <!-- Default suite -->
</testng-results>
