<html>
<head>
<title>TestNG:  Default test</title>
<link href="../testng.css" rel="stylesheet" type="text/css" />
<link href="../my-testng.css" rel="stylesheet" type="text/css" />

<style type="text/css">
.log { display: none;} 
.stack-trace { display: none;} 
</style>
<script type="text/javascript">
<!--
function flip(e) {
  current = e.style.display;
  if (current == 'block') {
    e.style.display = 'none';
    return 0;
  }
  else {
    e.style.display = 'block';
    return 1;
  }
}

function toggleBox(szDivId, elem, msg1, msg2)
{
  var res = -1;  if (document.getElementById) {
    res = flip(document.getElementById(szDivId));
  }
  else if (document.all) {
    // this is the way old msie versions work
    res = flip(document.all[szDivId]);
  }
  if(elem) {
    if(res == 0) elem.innerHTML = msg1; else elem.innerHTML = msg2;
  }

}

function toggleAllBoxes() {
  if (document.getElementsByTagName) {
    d = document.getElementsByTagName('div');
    for (i = 0; i < d.length; i++) {
      if (d[i].className == 'log') {
        flip(d[i]);
      }
    }
  }
}

// -->
</script>

</head>
<body>
<h2 align='center'>Default test</h2><table border='1' align="center">
<tr>
<td>Tests passed/Failed/Skipped:</td><td>3/1/0</td>
</tr><tr>
<td>Started on:</td><td>Wed Feb 10 07:37:34 IST 2021</td>
</tr>
<tr><td>Total time:</td><td>36 seconds (36802 ms)</td>
</tr><tr>
<td>Included groups:</td><td></td>
</tr><tr>
<td>Excluded groups:</td><td></td>
</tr>
</table><p/>
<small><i>(Hover the method name to see the test class name)</i></small><p/>
<table width='100%' border='1' class='invocation-failed'>
<tr><td colspan='4' align='center'><b>FAILED TESTS</b></td></tr>
<tr><td><b>Test method</b></td>
<td width="30%"><b>Exception</b></td>
<td width="10%"><b>Time (seconds)</b></td>
<td><b>Instance</b></td>
</tr>
<tr>
<td title='test.selenium.dbs.DbsTest.compareTwoCreditCards()'><b>compareTwoCreditCards</b><br>Test class: test.selenium.dbs.DbsTest</td>
<td><div><pre>java.lang.AssertionError: expected [Earn 3X DBS Points per S$5 spent on all local Visa payWave purchases
Shop now, pay later with 0% interest payment plans
Earn 1X DBS Point per S$5 spent on all other purchases] but found [Up to 4 miles per S$1 spent on all your online, and offline shopping spend
Complimentary global airport lounge access with Priority Pass
24-hr DBS Altitude Butler Service, anywhere in the world
Up to S$1m Travel Accident Insurance when you charge the full travel fare to the card]
	at org.testng.Assert.fail(Assert.java:94)
	at org.testng.Assert.failNotEquals(Assert.java:494)
	at org.testng.Assert.assertEquals(Assert.java:123)
	at org.testng.Assert.assertEquals(Assert.java:176)
	at org.testng.Assert.assertEquals(Assert.java:186)
	at test.selenium.dbs.DbsPage.validateCardComparisions(DbsPage.java:87)
	at test.selenium.dbs.DbsTest.compareTwoCreditCards(DbsTest.java:41)
	at sun.reflect.NativeMethodAccessorImpl.invoke0(Native Method)
	at sun.reflect.NativeMethodAccessorImpl.invoke(Unknown Source)
	at sun.reflect.DelegatingMethodAccessorImpl.invoke(Unknown Source)
	at java.lang.reflect.Method.invoke(Unknown Source)
	at org.testng.internal.MethodInvocationHelper.invokeMethod(MethodInvocationHelper.java:84)
	at org.testng.internal.Invoker.invokeMethod(Invoker.java:714)
	at org.testng.internal.Invoker.invokeTestMethod(Invoker.java:901)
	at org.testng.internal.Invoker.invokeTestMethods(Invoker.java:1231)
	at org.testng.internal.TestMethodWorker.invokeTestMethods(TestMethodWorker.java:127)
	at org.testng.internal.TestMethodWorker.run(TestMethodWorker.java:111)
	at org.testng.TestRunner.privateRun(TestRunner.java:767)
	at org.testng.TestRunner.run(TestRunner.java:617)
	at org.testng.SuiteRunner.runTest(SuiteRunner.java:334)
	at org.testng.SuiteRunner.runSequentially(SuiteRunner.java:329)
	at org.testng.SuiteRunner.privateRun(SuiteRunner.java:291)
	at org.testng.SuiteRunner.run(SuiteRunner.java:240)
	at org.testng.SuiteRunnerWorker.runSuite(SuiteRunnerWorker.java:52)
	at org.testng.SuiteRunnerWorker.run(SuiteRunnerWorker.java:86)
	at org.testng.TestNG.runSuitesSequentially(TestNG.java:1224)
	at org.testng.TestNG.runSuitesLocally(TestNG.java:1149)
	at org.testng.TestNG.run(TestNG.java:1057)
	at org.testng.remote.AbstractRemoteTestNG.run(AbstractRemoteTestNG.java:126)
	at org.testng.remote.RemoteTestNG.initAndRun(RemoteTestNG.java:137)
	at org.testng.remote.RemoteTestNG.main(RemoteTestNG.java:58)
</pre></div><a href='#' onClick='toggleBox("stack-trace238762799", this, "Click to show all stack frames", "Click to hide stack frames")'>Click to show all stack frames</a>
<div class='stack-trace' id='stack-trace238762799'><pre>java.lang.AssertionError: expected [Earn 3X DBS Points per S$5 spent on all local Visa payWave purchases
Shop now, pay later with 0% interest payment plans
Earn 1X DBS Point per S$5 spent on all other purchases] but found [Up to 4 miles per S$1 spent on all your online, and offline shopping spend
Complimentary global airport lounge access with Priority Pass
24-hr DBS Altitude Butler Service, anywhere in the world
Up to S$1m Travel Accident Insurance when you charge the full travel fare to the card]
	at org.testng.Assert.fail(Assert.java:94)
	at org.testng.Assert.failNotEquals(Assert.java:494)
	at org.testng.Assert.assertEquals(Assert.java:123)
	at org.testng.Assert.assertEquals(Assert.java:176)
	at org.testng.Assert.assertEquals(Assert.java:186)
	at test.selenium.dbs.DbsPage.validateCardComparisions(DbsPage.java:87)
	at test.selenium.dbs.DbsTest.compareTwoCreditCards(DbsTest.java:41)
	at sun.reflect.NativeMethodAccessorImpl.invoke0(Native Method)
	at sun.reflect.NativeMethodAccessorImpl.invoke(Unknown Source)
	at sun.reflect.DelegatingMethodAccessorImpl.invoke(Unknown Source)
	at java.lang.reflect.Method.invoke(Unknown Source)
	at org.testng.internal.MethodInvocationHelper.invokeMethod(MethodInvocationHelper.java:84)
	at org.testng.internal.Invoker.invokeMethod(Invoker.java:714)
	at org.testng.internal.Invoker.invokeTestMethod(Invoker.java:901)
	at org.testng.internal.Invoker.invokeTestMethods(Invoker.java:1231)
	at org.testng.internal.TestMethodWorker.invokeTestMethods(TestMethodWorker.java:127)
	at org.testng.internal.TestMethodWorker.run(TestMethodWorker.java:111)
	at org.testng.TestRunner.privateRun(TestRunner.java:767)
	at org.testng.TestRunner.run(TestRunner.java:617)
	at org.testng.SuiteRunner.runTest(SuiteRunner.java:334)
	at org.testng.SuiteRunner.runSequentially(SuiteRunner.java:329)
	at org.testng.SuiteRunner.privateRun(SuiteRunner.java:291)
	at org.testng.SuiteRunner.run(SuiteRunner.java:240)
	at org.testng.SuiteRunnerWorker.runSuite(SuiteRunnerWorker.java:52)
	at org.testng.SuiteRunnerWorker.run(SuiteRunnerWorker.java:86)
	at org.testng.TestNG.runSuitesSequentially(TestNG.java:1224)
	at org.testng.TestNG.runSuitesLocally(TestNG.java:1149)
	at org.testng.TestNG.run(TestNG.java:1057)
	at org.testng.remote.AbstractRemoteTestNG.run(AbstractRemoteTestNG.java:126)
	at org.testng.remote.RemoteTestNG.initAndRun(RemoteTestNG.java:137)
	at org.testng.remote.RemoteTestNG.main(RemoteTestNG.java:58)
</pre></div></td>
<td>0</td>
<td>test.selenium.dbs.DbsTest@4f933fd1</td></tr>
</table><p>
<table width='100%' border='1' class='invocation-passed'>
<tr><td colspan='4' align='center'><b>PASSED TESTS</b></td></tr>
<tr><td><b>Test method</b></td>
<td width="30%"><b>Exception</b></td>
<td width="10%"><b>Time (seconds)</b></td>
<td><b>Instance</b></td>
</tr>
<tr>
<td title='test.selenium.dbs.DbsTest.navigateToCards()'><b>navigateToCards</b><br>Test class: test.selenium.dbs.DbsTest</td>
<td></td>
<td>12</td>
<td>test.selenium.dbs.DbsTest@4f933fd1</td></tr>
<tr>
<td title='test.selenium.dbs.DbsTest.navigateToCreditCards()'><b>navigateToCreditCards</b><br>Test class: test.selenium.dbs.DbsTest<br/>
<a href="#Output-1916575798" onClick='toggleBox("Output-1916575798", this, "Show output", "Hide output");'>Show output</a>

<a href="#Output-1916575798" onClick="toggleAllBoxes();">Show all outputs</a>
<div class='log' id="Output-1916575798">
click on credit cards tab<br/>
</div>
</td>
<td></td>
<td>0</td>
<td>test.selenium.dbs.DbsTest@4f933fd1</td></tr>
<tr>
<td title='test.selenium.dbs.DbsTest.selectCards()'><b>selectCards</b><br>Test class: test.selenium.dbs.DbsTest<br/>
<a href="#Output-947553027" onClick='toggleBox("Output-947553027", this, "Show output", "Hide output");'>Show output</a>

<a href="#Output-947553027" onClick="toggleAllBoxes();">Show all outputs</a>
<div class='log' id="Output-947553027">
click on compare cards link to compare selected cards<br/>
</div>
</td>
<td></td>
<td>22</td>
<td>test.selenium.dbs.DbsTest@4f933fd1</td></tr>
</table><p>
</body>
</html>